<?xml version="1.0" encoding="UTF-8"?>
<testsuite name="TestSuite" time="26.665" tests="12" errors="0" skipped="3" failures="1">
  <properties>
    <property name="jansi.mode" value="force"/>
    <property name="java.runtime.name" value="Java(TM) SE Runtime Environment"/>
    <property name="java.vm.version" value="17.0.6+9-LTS-190"/>
    <property name="sun.boot.library.path" value="C:\Program Files\Java\jdk-17\bin"/>
    <property name="maven.multiModuleProjectDirectory" value="D:\Satish\03Eclipse_Workspace\21Jan2024\e2e"/>
    <property name="java.vm.vendor" value="Oracle Corporation"/>
    <property name="java.vendor.url" value="https://java.oracle.com/"/>
    <property name="guice.disable.misplaced.annotation.check" value="true"/>
    <property name="path.separator" value=";"/>
    <property name="java.vm.name" value="Java HotSpot(TM) 64-Bit Server VM"/>
    <property name="sun.os.patch.level" value=""/>
    <property name="user.script" value=""/>
    <property name="user.country" value="IN"/>
    <property name="sun.java.launcher" value="SUN_STANDARD"/>
    <property name="java.vm.specification.name" value="Java Virtual Machine Specification"/>
    <property name="user.dir" value="D:\Satish\03Eclipse_Workspace\21Jan2024\e2e"/>
    <property name="java.vm.compressedOopsMode" value="32-bit"/>
    <property name="java.runtime.version" value="17.0.6+9-LTS-190"/>
    <property name="os.arch" value="amd64"/>
    <property name="java.io.tmpdir" value="C:\Users\Parth\AppData\Local\Temp\"/>
    <property name="line.separator" value="&#10;"/>
    <property name="java.vm.specification.vendor" value="Oracle Corporation"/>
    <property name="user.variant" value=""/>
    <property name="os.name" value="Windows 11"/>
    <property name="classworlds.conf" value="D:\Satish\03Eclipse_Workspace\21Jan2024\.metadata\.plugins\org.eclipse.m2e.launching\launches\m2conf9074974728982906200.tmp"/>
    <property name="sun.jnu.encoding" value="Cp1252"/>
    <property name="java.library.path" value="C:\Program Files\Java\jdk-17\bin;C:\WINDOWS\Sun\Java\bin;C:\WINDOWS\system32;C:\WINDOWS;C:\Program Files\Common Files\Oracle\Java\javapath;C:\WINDOWS\system32;C:\WINDOWS;C:\WINDOWS\System32\Wbem;C:\WINDOWS\System32\WindowsPowerShell\v1.0\;C:\WINDOWS\System32\OpenSSH\;C:\Program Files\Git\cmd;C:\Program Files\Git\bin;D:\Satish\09Maven\apache-maven-3.8.8\bin;C:\Users\Parth\AppData\Local\Microsoft\WindowsApps;;."/>
    <property name="jdk.debug" value="release"/>
    <property name="java.class.version" value="61.0"/>
    <property name="java.specification.name" value="Java Platform API Specification"/>
    <property name="sun.management.compiler" value="HotSpot 64-Bit Tiered Compilers"/>
    <property name="os.version" value="10.0"/>
    <property name="user.home" value="C:\Users\Parth"/>
    <property name="user.timezone" value="Asia/Calcutta"/>
    <property name="file.encoding" value="UTF-8"/>
    <property name="java.specification.version" value="17"/>
    <property name="user.name" value="Parth"/>
    <property name="java.class.path" value="C:\Users\Parth\.p2\pool\plugins\org.eclipse.m2e.maven.runtime_3.8.604.20221130-2149\jars\plexus-classworlds-2.6.0.jar"/>
    <property name="java.vm.specification.version" value="17"/>
    <property name="sun.arch.data.model" value="64"/>
    <property name="sun.java.command" value="org.codehaus.plexus.classworlds.launcher.Launcher -B -Dstyle.color=always test"/>
    <property name="java.home" value="C:\Program Files\Java\jdk-17"/>
    <property name="user.language" value="en"/>
    <property name="java.specification.vendor" value="Oracle Corporation"/>
    <property name="java.vm.info" value="mixed mode, sharing"/>
    <property name="java.version" value="17.0.6"/>
    <property name="native.encoding" value="Cp1252"/>
    <property name="java.vendor" value="Oracle Corporation"/>
    <property name="maven.home" value="D:\Satish\03Eclipse_Workspace\21Jan2024\e2e\EMBEDDED"/>
    <property name="style.color" value="always"/>
    <property name="file.separator" value="\"/>
    <property name="java.version.date" value="2023-01-17"/>
    <property name="java.vendor.url.bug" value="https://bugreport.java.com/bugreport/"/>
    <property name="sun.io.unicode.encoding" value="UnicodeLittle"/>
    <property name="sun.cpu.endian" value="little"/>
    <property name="m2e.build.project.data.socket.port" value="60874"/>
    <property name="sun.cpu.isalist" value="amd64"/>
  </properties>
  <testcase name="f" classname="P21Jan2024.e2e.Login1" time="2.28"/>
  <testcase name="f" classname="P21Jan2024.e2e.Dev1.Dev1" time="0">
    <skipped/>
    <system-out><![CDATA[D:\Satish\03Eclipse_Workspace\21Jan2024\e2e
FIRST PROGRAM
]]></system-out>
    <system-err><![CDATA[1700296790225	Marionette	INFO	Stopped listening on port 61063
Dynamically enable window occlusion 1
1700296791269	geckodriver	INFO	Listening on 127.0.0.1:53401
1700296791284	mozrunner::runner	INFO	Running command: "C:\\Program Files\\Mozilla Firefox\\firefox.exe" "--marionette" "-no-remote" "-profile" "C:\\Users\\Parth\\AppData\\Local\\Temp\\rust_mozprofile8BHuDv"
console.warn: services.settings: Ignoring preference override of remote settings server
console.warn: services.settings: Allow by setting MOZ_REMOTE_SETTINGS_DEVTOOLS=1 in the environment
1700296791588	Marionette	INFO	Marionette enabled
Dynamically enable window occlusion 0
1700296791999	Marionette	INFO	Listening on port 61127
Read port: 61127
1700296792162	RemoteAgent	WARN	TLS certificate errors will be ignored for this session
Nov 18, 2023 2:09:53 PM org.openqa.selenium.remote.ProtocolHandshake createSession
INFO: Detected dialect: W3C
]]></system-err>
  </testcase>
  <testcase name="f" classname="P21Jan2024.e2e.Dev1.Dev1" time="0">
    <skipped/>
    <system-out><![CDATA[FIRST PROGRAM
]]></system-out>
  </testcase>
  <testcase name="f" classname="P21Jan2024.e2e.Dev1.Dev1" time="0">
    <skipped/>
    <system-out><![CDATA[FIRST PROGRAM
]]></system-out>
  </testcase>
  <testcase name="f" classname="P21Jan2024.e2e.Dev1.Dev1" time="0.006">
    <failure message="expected [true] but found [false]" type="java.lang.AssertionError">java.lang.AssertionError: expected [true] but found [false]
	at org.testng.Assert.fail(Assert.java:99)
	at org.testng.Assert.failNotEquals(Assert.java:1037)
	at org.testng.Assert.assertEqualsImpl(Assert.java:140)
	at org.testng.Assert.assertEquals(Assert.java:122)
	at org.testng.Assert.assertEquals(Assert.java:819)
	at org.testng.Assert.assertEquals(Assert.java:829)
	at P21Jan2024.e2e.Dev1.Dev1.f(Dev1.java:17)
</failure>
    <system-out><![CDATA[FIRST PROGRAM
]]></system-out>
  </testcase>
  <testcase name="f" classname="P21Jan2024.e2e.Dev1.Dev2" time="6.092"/>
  <testcase name="f" classname="P21Jan2024.e2e.Dev1.Dev3" time="6.112"/>
  <testcase name="f" classname="P21Jan2024.e2e.Dev1.Dev3" time="6.064"/>
  <testcase name="f" classname="P21Jan2024.e2e.Dev1.Dev3" time="6.07"/>
  <testcase name="f" classname="P21Jan2024.e2e.Dev1.Dev3" time="6.061"/>
  <testcase name="f" classname="P21Jan2024.e2e.DevOps1.DevOps1" time="6.097"/>
  <testcase name="f" classname="P21Jan2024.e2e.QA1.QA1" time="6.084"/>
</testsuite>