<?xml version="1.0" encoding="UTF-8"?>
<!-- Generated by org.testng.reporters.JUnitReportReporter -->
<testsuite hostname="LAPTOP-MB7DGVQG" failures="0" tests="4" name="P21Jan2024.e2e.Dev1.Dev3" time="24.399" errors="0" timestamp="2023-11-18T12:55:14 IST" skipped="0">
  <testcase classname="P21Jan2024.e2e.Dev1.Dev3" name="f" time="6.095"/>
  <system-out/>
  <testcase classname="P21Jan2024.e2e.Dev1.Dev3" name="f" time="6.118"/>
  <system-out/>
  <testcase classname="P21Jan2024.e2e.Dev1.Dev3" name="f" time="6.095"/>
  <system-out/>
  <testcase classname="P21Jan2024.e2e.Dev1.Dev3" name="f" time="6.091"/>
  <system-out/>
</testsuite> <!-- P21Jan2024.e2e.Dev1.Dev3 -->
