<?xml version="1.0" encoding="UTF-8"?>
<!-- Generated by org.testng.reporters.JUnitReportReporter -->
<testsuite hostname="LAPTOP-MB7DGVQG" failures="0" tests="2" name="P21Jan2024.e2e.Dev1.DPP" time="0.006" errors="0" timestamp="2023-11-17T13:33:53 IST" skipped="0">
  <testcase classname="P21Jan2024.e2e.Dev1.DPP" name="f" time="0.002"/>
  <system-out/>
  <testcase classname="P21Jan2024.e2e.Dev1.DPP" name="f" time="0.004"/>
  <system-out/>
</testsuite> <!-- P21Jan2024.e2e.Dev1.DPP -->
