<?xml version="1.0" encoding="UTF-8"?>
<!-- Generated by org.testng.reporters.JUnitReportReporter -->
<testsuite hostname="LAPTOP-MB7DGVQG" failures="0" tests="1" name="P21Jan2024.e2e.Dev1.Coverage2" time="0.017" errors="0" timestamp="2023-11-17T21:59:59 IST" skipped="0">
  <testcase classname="P21Jan2024.e2e.Dev1.Coverage2" name="f" time="0.017"/>
  <system-out/>
</testsuite> <!-- P21Jan2024.e2e.Dev1.Coverage2 -->
