<?xml version="1.0" encoding="UTF-8"?>
<!-- Generated by org.testng.reporters.JUnitReportReporter -->
<testsuite hostname="LAPTOP-MB7DGVQG" failures="0" tests="4" name="P21Jan2024.e2e.Dev1.Dev3" time="24.355" errors="0" timestamp="2023-11-17T15:42:00 IST" skipped="0">
  <testcase classname="P21Jan2024.e2e.Dev1.Dev3" name="f" time="6.089"/>
  <system-out/>
  <testcase classname="P21Jan2024.e2e.Dev1.Dev3" name="f" time="6.098"/>
  <system-out/>
  <testcase classname="P21Jan2024.e2e.Dev1.Dev3" name="f" time="6.085"/>
  <system-out/>
  <testcase classname="P21Jan2024.e2e.Dev1.Dev3" name="f" time="6.083"/>
  <system-out/>
</testsuite> <!-- P21Jan2024.e2e.Dev1.Dev3 -->
