<?xml version="1.0" encoding="UTF-8"?>
<!-- Generated by org.testng.reporters.JUnitReportReporter -->
<testsuite hostname="LAPTOP-MB7DGVQG" failures="0" tests="1" name="P21Jan2024.e2e.Dev1.CoverageTest" time="0.008" errors="0" timestamp="2023-11-17T21:55:42 IST" skipped="0">
  <testcase classname="P21Jan2024.e2e.Dev1.CoverageTest" name="f" time="0.008"/>
  <system-out/>
</testsuite> <!-- P21Jan2024.e2e.Dev1.CoverageTest -->
