<?xml version="1.0" encoding="UTF-8"?>
<!-- Generated by org.testng.reporters.JUnitReportReporter -->
<testsuite hostname="LAPTOP-MB7DGVQG" failures="0" tests="1" name="P21Jan2024.e2e.Dev1.Dev1" time="0.006" errors="0" timestamp="2023-11-16T15:03:16 IST" skipped="0">
  <testcase classname="P21Jan2024.e2e.Dev1.Dev1" name="f" time="0.006"/>
  <system-out/>
</testsuite> <!-- P21Jan2024.e2e.Dev1.Dev1 -->
