<?xml version="1.0" encoding="UTF-8"?>
<!-- Generated by org.testng.reporters.JUnitReportReporter -->
<testsuite hostname="LAPTOP-MB7DGVQG" failures="0" tests="1" name="P21Jan2024.e2e.MainApp" time="8.778" errors="0" timestamp="2023-11-16T12:42:42 IST" skipped="0">
  <testcase classname="P21Jan2024.e2e.MainApp" name="f" time="8.778"/>
  <system-out/>
</testsuite> <!-- P21Jan2024.e2e.MainApp -->
