<?xml version="1.0" encoding="UTF-8"?>
<!-- Generated by org.testng.reporters.JUnitReportReporter -->
<testsuite hostname="LAPTOP-MB7DGVQG" failures="0" tests="1" name="P21Jan2024.e2e.Login1" time="2.303" errors="0" timestamp="2023-11-17T16:00:56 IST" skipped="0">
  <testcase classname="P21Jan2024.e2e.Login1" name="f" time="2.303"/>
  <system-out/>
</testsuite> <!-- P21Jan2024.e2e.Login1 -->
