<?xml version="1.0" encoding="UTF-8"?>
<!-- Generated by org.testng.reporters.JUnitReportReporter -->
<testsuite hostname="LAPTOP-MB7DGVQG" failures="0" tests="1" name="P21Jan2024.e2e.Dev1.Dev1" time="6.459" errors="0" timestamp="2023-11-18T13:02:28 IST" skipped="0">
  <testcase classname="P21Jan2024.e2e.Dev1.Dev1" name="f" time="6.459"/>
  <system-out/>
</testsuite> <!-- P21Jan2024.e2e.Dev1.Dev1 -->
