<?xml version="1.0" encoding="UTF-8"?>
<!-- Generated by org.testng.reporters.JUnitReportReporter -->
<testsuite hostname="LAPTOP-MB7DGVQG" failures="0" tests="1" name="P21Jan2024.e2e.DevOps1.DevOps1" time="6.085" errors="0" timestamp="2023-11-18T13:02:28 IST" skipped="0">
  <testcase classname="P21Jan2024.e2e.DevOps1.DevOps1" name="f" time="6.085"/>
  <system-out/>
</testsuite> <!-- P21Jan2024.e2e.DevOps1.DevOps1 -->
